≡ƒî▒ Seeding processors...
node.exe : 
PrismaClientInitializationError: 
At line:1 char:1
+ & "C:\Program Files\nodejs/node.exe" 
"C:\Program Files\nodejs/node_mo ...
+ ~~~~~~~~~~~~~~~~~~~~~~~~~~~~~~~~~~~~~~~
~~~~~~~~~~~~~~~~~~~~~~~~~~~~~~
    + CategoryInfo          : NotSpecifi 
   ed: (PrismaClientInitializationError  
  : :String) [], RemoteException
    + FullyQualifiedErrorId : NativeComm 
   andError
 
Invalid `prisma.processor.upsert()` 
invocation in
D:\Jobs\scratch\mdconvert\prisma\seed.ts:
289:28

  286 console.log('≡ƒî▒ Seeding 
processors...');
  287 
  288 for (const proc of 
PREBUILT_PROCESSORS) {
ΓåÆ 289   await prisma.processor.upsert(
Can't reach database server at 
`localhost:5433`

Please make sure your database server is 
running at `localhost:5433`.
    at $n.handleRequestError (D:\Jobs\scr
atch\mdconvert\node_modules\@prisma\clien
t\runtime\library.js:121:7615)
    at $n.handleAndLogRequestError (D:\Jo
bs\scratch\mdconvert\node_modules\@prisma
\client\runtime\library.js:121:6623)
    at $n.request (D:\Jobs\scratch\mdconv
ert\node_modules\@prisma\client\runtime\l
ibrary.js:121:6307)
    at async l (D:\Jobs\scratch\mdconvert
\node_modules\@prisma\client\runtime\libr
ary.js:130:9633)
    at async main (D:\Jobs\scratch\mdconv
ert\prisma\seed.ts:289:5) {
  clientVersion: '5.22.0',
  errorCode: undefined
}
